/usr/local/lib/ruby/gems/3.4.0/gems/jekyll-4.4.1/lib/jekyll.rb:26: warning: logger was loaded from the standard library, but will no longer be part of the default gems starting from Ruby 3.5.0.
You can add logger to your Gemfile or gemspec to silence this warning.
Configuration file: /Users/tylerpollard/Desktop/FloridaCoralBleaching/_config.yml
bundler: failed to load command: jekyll (/usr/local/lib/ruby/gems/3.4.0/bin/jekyll)
/usr/local/lib/ruby/gems/3.4.0/gems/jekyll-4.4.1/lib/jekyll/theme.rb:86:in 'Jekyll::Theme#gemspec': The jekyll-theme-slate theme could not be found. (Jekyll::Errors::MissingDependencyException)
	from /usr/local/lib/ruby/gems/3.4.0/gems/jekyll-4.4.1/lib/jekyll/theme.rb:19:in 'Jekyll::Theme#root'
	from /usr/local/lib/ruby/gems/3.4.0/gems/jekyll-4.4.1/lib/jekyll/theme.rb:13:in 'Jekyll::Theme#initialize'
	from /usr/local/lib/ruby/gems/3.4.0/gems/jekyll-4.4.1/lib/jekyll/site.rb:535:in 'Class#new'
	from /usr/local/lib/ruby/gems/3.4.0/gems/jekyll-4.4.1/lib/jekyll/site.rb:535:in 'Jekyll::Site#configure_theme'
	from /usr/local/lib/ruby/gems/3.4.0/gems/jekyll-4.4.1/lib/jekyll/site.rb:60:in 'Jekyll::Site#config='
	from /usr/local/lib/ruby/gems/3.4.0/gems/jekyll-4.4.1/lib/jekyll/site.rb:23:in 'Jekyll::Site#initialize'
	from /usr/local/lib/ruby/gems/3.4.0/gems/jekyll-4.4.1/lib/jekyll/commands/build.rb:30:in 'Class#new'
	from /usr/local/lib/ruby/gems/3.4.0/gems/jekyll-4.4.1/lib/jekyll/commands/build.rb:30:in 'Jekyll::Commands::Build.process'
	from /usr/local/lib/ruby/gems/3.4.0/gems/jekyll-4.4.1/lib/jekyll/command.rb:91:in 'block in Jekyll::Command.process_with_graceful_fail'
	from /usr/local/lib/ruby/gems/3.4.0/gems/jekyll-4.4.1/lib/jekyll/command.rb:91:in 'Array#each'
	from /usr/local/lib/ruby/gems/3.4.0/gems/jekyll-4.4.1/lib/jekyll/command.rb:91:in 'Jekyll::Command.process_with_graceful_fail'
	from /usr/local/lib/ruby/gems/3.4.0/gems/jekyll-4.4.1/lib/jekyll/commands/serve.rb:85:in 'block (2 levels) in Jekyll::Commands::Serve.init_with_program'
	from /usr/local/lib/ruby/gems/3.4.0/gems/mercenary-0.4.0/lib/mercenary/command.rb:221:in 'block in Mercenary::Command#execute'
	from /usr/local/lib/ruby/gems/3.4.0/gems/mercenary-0.4.0/lib/mercenary/command.rb:221:in 'Array#each'
	from /usr/local/lib/ruby/gems/3.4.0/gems/mercenary-0.4.0/lib/mercenary/command.rb:221:in 'Mercenary::Command#execute'
	from /usr/local/lib/ruby/gems/3.4.0/gems/mercenary-0.4.0/lib/mercenary/program.rb:44:in 'Mercenary::Program#go'
	from /usr/local/lib/ruby/gems/3.4.0/gems/mercenary-0.4.0/lib/mercenary.rb:21:in 'Mercenary.program'
	from /usr/local/lib/ruby/gems/3.4.0/gems/jekyll-4.4.1/exe/jekyll:15:in '<top (required)>'
	from /usr/local/lib/ruby/gems/3.4.0/bin/jekyll:25:in 'Kernel#load'
	from /usr/local/lib/ruby/gems/3.4.0/bin/jekyll:25:in '<top (required)>'
	from /usr/local/lib/ruby/gems/3.4.0/gems/bundler-2.6.5/lib/bundler/cli/exec.rb:59:in 'Kernel.load'
	from /usr/local/lib/ruby/gems/3.4.0/gems/bundler-2.6.5/lib/bundler/cli/exec.rb:59:in 'Bundler::CLI::Exec#kernel_load'
	from /usr/local/lib/ruby/gems/3.4.0/gems/bundler-2.6.5/lib/bundler/cli/exec.rb:23:in 'Bundler::CLI::Exec#run'
	from /usr/local/lib/ruby/gems/3.4.0/gems/bundler-2.6.5/lib/bundler/cli.rb:452:in 'Bundler::CLI#exec'
	from /usr/local/lib/ruby/gems/3.4.0/gems/bundler-2.6.5/lib/bundler/vendor/thor/lib/thor/command.rb:28:in 'Bundler::Thor::Command#run'
	from /usr/local/lib/ruby/gems/3.4.0/gems/bundler-2.6.5/lib/bundler/vendor/thor/lib/thor/invocation.rb:127:in 'Bundler::Thor::Invocation#invoke_command'
	from /usr/local/lib/ruby/gems/3.4.0/gems/bundler-2.6.5/lib/bundler/vendor/thor/lib/thor.rb:538:in 'Bundler::Thor.dispatch'
	from /usr/local/lib/ruby/gems/3.4.0/gems/bundler-2.6.5/lib/bundler/cli.rb:35:in 'Bundler::CLI.dispatch'
	from /usr/local/lib/ruby/gems/3.4.0/gems/bundler-2.6.5/lib/bundler/vendor/thor/lib/thor/base.rb:584:in 'Bundler::Thor::Base::ClassMethods#start'
	from /usr/local/lib/ruby/gems/3.4.0/gems/bundler-2.6.5/lib/bundler/cli.rb:29:in 'Bundler::CLI.start'
	from /usr/local/lib/ruby/gems/3.4.0/gems/bundler-2.6.5/exe/bundle:28:in 'block in <top (required)>'
	from /usr/local/lib/ruby/gems/3.4.0/gems/bundler-2.6.5/lib/bundler/friendly_errors.rb:117:in 'Bundler.with_friendly_errors'
	from /usr/local/lib/ruby/gems/3.4.0/gems/bundler-2.6.5/exe/bundle:20:in '<top (required)>'
	from /usr/local/opt/ruby/bin/bundle:25:in 'Kernel#load'
	from /usr/local/opt/ruby/bin/bundle:25:in '<main>'
/usr/local/Cellar/ruby/3.4.2/lib/ruby/3.4.0/rubygems/dependency.rb:301:in 'Gem::Dependency#to_specs': Could not find 'jekyll-theme-slate' (>= 0) among 91 total gem(s) (Gem::MissingSpecError)
Checked in 'GEM_PATH=/Users/tylerpollard/.gem/ruby/3.4.0:/usr/local/lib/ruby/gems/3.4.0:/usr/local/Cellar/ruby/3.4.2/lib/ruby/gems/3.4.0' , execute `gem env` for more information
	from /usr/local/Cellar/ruby/3.4.2/lib/ruby/3.4.0/rubygems/dependency.rb:313:in 'Gem::Dependency#to_spec'
	from /usr/local/Cellar/ruby/3.4.2/lib/ruby/3.4.0/rubygems/specification.rb:959:in 'Gem::Specification.find_by_name'
	from /usr/local/lib/ruby/gems/3.4.0/gems/jekyll-4.4.1/lib/jekyll/theme.rb:84:in 'Jekyll::Theme#gemspec'
	from /usr/local/lib/ruby/gems/3.4.0/gems/jekyll-4.4.1/lib/jekyll/theme.rb:19:in 'Jekyll::Theme#root'
	from /usr/local/lib/ruby/gems/3.4.0/gems/jekyll-4.4.1/lib/jekyll/theme.rb:13:in 'Jekyll::Theme#initialize'
	from /usr/local/lib/ruby/gems/3.4.0/gems/jekyll-4.4.1/lib/jekyll/site.rb:535:in 'Class#new'
	from /usr/local/lib/ruby/gems/3.4.0/gems/jekyll-4.4.1/lib/jekyll/site.rb:535:in 'Jekyll::Site#configure_theme'
	from /usr/local/lib/ruby/gems/3.4.0/gems/jekyll-4.4.1/lib/jekyll/site.rb:60:in 'Jekyll::Site#config='
	from /usr/local/lib/ruby/gems/3.4.0/gems/jekyll-4.4.1/lib/jekyll/site.rb:23:in 'Jekyll::Site#initialize'
	from /usr/local/lib/ruby/gems/3.4.0/gems/jekyll-4.4.1/lib/jekyll/commands/build.rb:30:in 'Class#new'
	from /usr/local/lib/ruby/gems/3.4.0/gems/jekyll-4.4.1/lib/jekyll/commands/build.rb:30:in 'Jekyll::Commands::Build.process'
	from /usr/local/lib/ruby/gems/3.4.0/gems/jekyll-4.4.1/lib/jekyll/command.rb:91:in 'block in Jekyll::Command.process_with_graceful_fail'
	from /usr/local/lib/ruby/gems/3.4.0/gems/jekyll-4.4.1/lib/jekyll/command.rb:91:in 'Array#each'
	from /usr/local/lib/ruby/gems/3.4.0/gems/jekyll-4.4.1/lib/jekyll/command.rb:91:in 'Jekyll::Command.process_with_graceful_fail'
	from /usr/local/lib/ruby/gems/3.4.0/gems/jekyll-4.4.1/lib/jekyll/commands/serve.rb:85:in 'block (2 levels) in Jekyll::Commands::Serve.init_with_program'
	from /usr/local/lib/ruby/gems/3.4.0/gems/mercenary-0.4.0/lib/mercenary/command.rb:221:in 'block in Mercenary::Command#execute'
	from /usr/local/lib/ruby/gems/3.4.0/gems/mercenary-0.4.0/lib/mercenary/command.rb:221:in 'Array#each'
	from /usr/local/lib/ruby/gems/3.4.0/gems/mercenary-0.4.0/lib/mercenary/command.rb:221:in 'Mercenary::Command#execute'
	from /usr/local/lib/ruby/gems/3.4.0/gems/mercenary-0.4.0/lib/mercenary/program.rb:44:in 'Mercenary::Program#go'
	from /usr/local/lib/ruby/gems/3.4.0/gems/mercenary-0.4.0/lib/mercenary.rb:21:in 'Mercenary.program'
	from /usr/local/lib/ruby/gems/3.4.0/gems/jekyll-4.4.1/exe/jekyll:15:in '<top (required)>'
	from /usr/local/lib/ruby/gems/3.4.0/bin/jekyll:25:in 'Kernel#load'
	from /usr/local/lib/ruby/gems/3.4.0/bin/jekyll:25:in '<top (required)>'
	from /usr/local/lib/ruby/gems/3.4.0/gems/bundler-2.6.5/lib/bundler/cli/exec.rb:59:in 'Kernel.load'
	from /usr/local/lib/ruby/gems/3.4.0/gems/bundler-2.6.5/lib/bundler/cli/exec.rb:59:in 'Bundler::CLI::Exec#kernel_load'
	from /usr/local/lib/ruby/gems/3.4.0/gems/bundler-2.6.5/lib/bundler/cli/exec.rb:23:in 'Bundler::CLI::Exec#run'
	from /usr/local/lib/ruby/gems/3.4.0/gems/bundler-2.6.5/lib/bundler/cli.rb:452:in 'Bundler::CLI#exec'
	from /usr/local/lib/ruby/gems/3.4.0/gems/bundler-2.6.5/lib/bundler/vendor/thor/lib/thor/command.rb:28:in 'Bundler::Thor::Command#run'
	from /usr/local/lib/ruby/gems/3.4.0/gems/bundler-2.6.5/lib/bundler/vendor/thor/lib/thor/invocation.rb:127:in 'Bundler::Thor::Invocation#invoke_command'
	from /usr/local/lib/ruby/gems/3.4.0/gems/bundler-2.6.5/lib/bundler/vendor/thor/lib/thor.rb:538:in 'Bundler::Thor.dispatch'
	from /usr/local/lib/ruby/gems/3.4.0/gems/bundler-2.6.5/lib/bundler/cli.rb:35:in 'Bundler::CLI.dispatch'
	from /usr/local/lib/ruby/gems/3.4.0/gems/bundler-2.6.5/lib/bundler/vendor/thor/lib/thor/base.rb:584:in 'Bundler::Thor::Base::ClassMethods#start'
	from /usr/local/lib/ruby/gems/3.4.0/gems/bundler-2.6.5/lib/bundler/cli.rb:29:in 'Bundler::CLI.start'
	from /usr/local/lib/ruby/gems/3.4.0/gems/bundler-2.6.5/exe/bundle:28:in 'block in <top (required)>'
	from /usr/local/lib/ruby/gems/3.4.0/gems/bundler-2.6.5/lib/bundler/friendly_errors.rb:117:in 'Bundler.with_friendly_errors'
	from /usr/local/lib/ruby/gems/3.4.0/gems/bundler-2.6.5/exe/bundle:20:in '<top (required)>'
	from /usr/local/opt/ruby/bin/bundle:25:in 'Kernel#load'
	from /usr/local/opt/ruby/bin/bundle:25:in '<main>'
